menu
verifatt
attscript
criarusuario
alterarsenha
alterarlimite
remover
sshmonitor
verifilimite
killexcesso
listarusuarios
sessoesusuario
expcheck
loggerapi
verlogs
backupbase
restaurarbase
dashboardinfo
exportarinfo
jsonstatus
exportarjson
installws
installxray
installopenvpn
installnginxws
installxraygrpc
installcamuflagem
painelconexoes
reiniciarservicos
xrayaddcliente
xraylistarclientes
xrayremovercliente
xraygerarconfig
xrayexportarcliente
gerarpacotecliente
exportarpacotecliente
xrayplanos
xrayexpirar
xrayexpirar-auto
payloadpaths
payloadviewer
payloadexport
installsockshttp
payloadexportfile
payloadprofiles
payloadprofileexport
installtls
tlsrenew
